2021-08-07 08:16:35:1635 info: SERVER STARTED
2022-01-03 14:02:14:214 info: SERVER STARTED
2022-01-03 14:02:37:237 info: GET / 200 4.508 ms - 11
2022-01-03 14:02:37:237 info: GET /favicon.ico 404 1.228 ms - 150
2022-01-03 17:07:52:752 info: SERVER STARTED
2022-01-29 19:49:08:498 info: SERVER STARTED
2022-01-29 19:49:50:4950 info: SERVER STARTED
2022-01-29 19:50:01:501 info: SERVER STARTED
2022-01-29 19:51:08:518 info: SERVER STARTED
2022-01-29 19:51:31:5131 info: SERVER STARTED
2022-01-29 19:52:00:520 info: SERVER STARTED
2022-01-29 19:53:30:5330 info: SERVER STARTED
2022-01-29 19:53:39:5339 info: SERVER STARTED
2022-01-29 19:54:20:5420 info: SERVER STARTED
2022-01-29 19:54:40:5440 info: SERVER STARTED
2022-01-29 19:55:04:554 info: SERVER STARTED
2022-01-29 19:55:58:5558 info: SERVER STARTED
2022-01-29 19:56:35:5635 info: SERVER STARTED
2022-01-29 19:58:13:5813 info: GET / 200 466.382 ms - 11
2022-01-29 19:59:07:597 info: POST /api/create 404 66.286 ms - 150
2022-01-29 20:05:55:555 info: SERVER STARTED
2022-01-29 20:05:58:558 info: POST /api/create 404 7.857 ms - 150
2022-01-29 20:06:48:648 info: POST /api/create 404 1.931 ms - 150
2022-01-29 20:07:36:736 info: SERVER STARTED
2022-01-29 20:07:38:738 info: POST /api/create 404 13.310 ms - 150
2022-01-29 20:08:08:88 info: POST /api/user/create 404 1.803 ms - 155
2022-01-29 20:08:11:811 info: POST /api/user/create 404 0.869 ms - 155
2022-01-29 20:08:49:849 info: POST /api/v1/user/create 500 146.326 ms - 32
2022-01-29 20:10:30:1030 info: SERVER STARTED
2022-01-29 20:10:45:1045 info: POST /api/v1/user/create 500 184.328 ms - 32
2022-01-29 20:11:31:1131 info: SERVER STARTED
2022-01-29 20:12:29:1229 info: SERVER STARTED
2022-01-29 20:12:46:1246 info: SERVER STARTED
2022-01-29 20:13:05:135 info: POST /api/v1/user/create 500 138.008 ms - 32
2022-01-29 20:14:16:1416 info: SERVER STARTED
2022-01-29 20:14:44:1444 info: POST /api/v1/user/create 500 159.961 ms - 32
2022-01-29 20:14:58:1458 info: POST /api/v1/user/create 500 10.018 ms - 32
2022-01-29 20:16:15:1615 info: SERVER STARTED
2022-01-29 20:16:37:1637 info: SERVER STARTED
2022-01-29 20:17:01:171 info: SERVER STARTED
2022-01-29 20:17:08:178 info: POST /api/v1/user/create 500 115.099 ms - 32
2022-01-29 20:20:31:2031 info: SERVER STARTED
2022-01-29 20:20:40:2040 info: POST /api/v1/user/create 500 80.053 ms - 32
2022-01-29 20:21:25:2125 info: SERVER STARTED
2022-01-29 20:22:05:225 info: SERVER STARTED
2022-01-29 20:22:06:226 info: POST /api/v1/user/create 500 98.743 ms - 32
2022-01-29 20:28:15:2815 info: SERVER STARTED
2022-01-29 20:28:31:2831 info: SERVER STARTED
2022-01-29 20:28:43:2843 info: POST /api/v1/user/create 500 117.744 ms - 32
2022-01-29 20:30:28:3028 info: SERVER STARTED
2022-01-29 20:31:13:3113 info: SERVER STARTED
2022-01-29 20:31:25:3125 info: SERVER STARTED
2022-01-29 20:31:37:3137 info: SERVER STARTED
2022-01-29 20:33:02:332 info: SERVER STARTED
2022-02-01 11:18:40:1840 info: SERVER STARTED
2022-02-01 11:18:43:1843 info: POST /api/v1/user/create 200 178.518 ms - 32
2022-02-01 11:24:48:2448 info: SERVER STARTED
2022-02-01 11:26:02:262 info: GET / 200 155.340 ms - 11
2022-02-01 11:26:54:2654 info: POST / 404 22.235 ms - 140
2023-07-08 23:49:46:4946 info: SERVER STARTED
2023-07-08 23:57:10:5710 info: SERVER STARTED
2023-07-08 23:57:53:5753 info: SERVER STARTED
2023-07-09 00:12:02:122 info: SERVER STARTED
2023-07-09 00:29:02:292 info: SERVER STARTED
2023-07-09 00:30:10:3010 info: SERVER STARTED
2023-07-09 00:31:27:3127 info: SERVER STARTED
2023-07-11 03:16:31:1631 info: SERVER STARTED
2023-07-11 03:34:44:3444 info: SERVER STARTED
2023-07-11 04:35:54:3554 info: SERVER STARTED
2023-07-11 04:40:59:4059 info: SERVER STARTED
2023-07-11 04:42:59:4259 info: SERVER STARTED
2023-07-12 02:35:55:3555 info: SERVER STARTED
2023-07-12 02:42:33:4233 info: SERVER STARTED
2023-07-12 02:45:04:454 info: SERVER STARTED
2023-07-12 02:47:35:4735 info: SERVER STARTED
2023-07-12 02:50:46:5046 info: SERVER STARTED
2023-07-12 02:50:51:5051 info: SERVER STARTED
2023-07-12 03:21:29:2129 info: SERVER STARTED
2023-07-12 03:26:42:2642 info: SERVER STARTED
2023-07-12 03:29:08:298 info: SERVER STARTED
2023-07-12 03:30:46:3046 info: SERVER STARTED
2023-07-12 03:35:13:3513 info: SERVER STARTED
2023-07-12 03:35:48:3548 info: SERVER STARTED
2023-07-12 03:38:35:3835 info: SERVER STARTED
2023-07-12 03:39:00:390 info: SERVER STARTED
2023-07-12 03:43:54:4354 info: SERVER STARTED
2023-07-12 03:44:02:442 info: GET / 200 4.958 ms - 11
2023-07-12 03:52:14:5214 info: SERVER STARTED
2023-07-12 03:53:53:5353 info: GET / 200 6.232 ms - 11
2023-07-12 03:56:15:5615 info: POST /api/v1/user/signup 201 861.665 ms - 219
2023-07-12 03:56:25:5625 info: POST /api/v1/user/signup 409 163.139 ms - 35
2023-07-12 03:59:04:594 info: POST /api/v1/user/signin 200 597.243 ms - 219
2023-07-12 04:01:38:138 info: POST /api/v1/user/signin 401 264.201 ms - 166
2023-07-12 04:02:27:227 info: POST /api/v1/user/signin 404 155.013 ms - 29
2023-07-26 01:00:48:048 info: SERVER STARTED
2023-07-26 16:10:29:1029 info: SERVER STARTED
2023-07-26 16:11:17:1117 info: GET /user 404 11.471 ms - 143
2023-07-26 16:11:38:1138 info: GET /api/v1/user/ 404 5.112 ms - 151
2023-07-26 16:12:02:122 info: GET /api/v1/user 404 1.755 ms - 150
2023-07-26 16:12:31:1231 info: GET / 200 6.591 ms - 11
2023-07-26 16:13:06:136 info: POST /api/v1/user/signup 409 265.341 ms - 35
2023-07-26 16:13:19:1319 info: POST /api/v1/user/signup 201 686.790 ms - 218
